<?xml version="1.0" encoding="UTF-8"?>
<!-- Generated by org.testng.reporters.JUnitReportReporter -->
<testsuite skipped="0" hostname="DESKTOP-JJM7M3D" name="Com.testing.Annotations_baseclass" tests="1" failures="0" timestamp="2022-08-06T11:03:01 IST" time="0.091" errors="0">
  <testcase name="Protect" time="0.091" classname="Com.testing.Annotations_baseclass"/>
  <system-out/>
</testsuite> <!-- Com.testing.Annotations_baseclass -->
