<?xml version="1.0" encoding="UTF-8"?>
<!-- Generated by org.testng.reporters.JUnitReportReporter -->
<testsuite hostname="DESKTOP-JJM7M3D" failures="0" tests="4" name="Com.testing.Ignore_concept" time="0.125" errors="0" timestamp="2022-03-29T22:10:34 IST" skipped="1">
  <testcase classname="Com.testing.Ignore_concept" name="helicopter" time="0.057"/>
  <system-out/>
  <testcase classname="Com.testing.Ignore_concept" name="twitter" time="0.025"/>
  <system-out/>
  <testcase classname="Com.testing.Ignore_concept" name="instagram" time="0.043"/>
  <system-out/>
  <testcase classname="Com.testing.Ignore_concept" name="books">
    <skipped/>
  </testcase> <!-- books -->
  <system-out/>
</testsuite> <!-- Com.testing.Ignore_concept -->
