<?xml version="1.0" encoding="UTF-8"?>
<!-- Generated by org.testng.reporters.JUnitReportReporter -->
<testsuite hostname="DESKTOP-JJM7M3D" failures="0" tests="5" name="Com.testing.Invocation_concept" time="0.100" errors="0" timestamp="2022-03-29T23:00:21 IST" skipped="0">
  <testcase classname="Com.testing.Invocation_concept" name="browser_launch" time="0.051"/>
  <system-out/>
  <testcase classname="Com.testing.Invocation_concept" name="refresh" time="0.011"/>
  <system-out/>
  <testcase classname="Com.testing.Invocation_concept" name="refresh" time="0.010"/>
  <system-out/>
  <testcase classname="Com.testing.Invocation_concept" name="refresh" time="0.007"/>
  <system-out/>
  <testcase classname="Com.testing.Invocation_concept" name="credentials" time="0.021"/>
  <system-out/>
</testsuite> <!-- Com.testing.Invocation_concept -->
