<?xml version="1.0" encoding="UTF-8"?>
<!-- Generated by org.testng.reporters.JUnitReportReporter -->
<testsuite hostname="DESKTOP-JJM7M3D" failures="0" tests="1" name="Com.testing.Assert_concept" time="0.071" errors="0" timestamp="2022-03-31T15:42:53 IST" skipped="0">
  <testcase classname="Com.testing.Assert_concept" name="username" time="0.071"/>
  <system-out/>
</testsuite> <!-- Com.testing.Assert_concept -->
