<?xml version="1.0" encoding="UTF-8"?>
<!-- Generated by org.testng.reporters.JUnitReportReporter -->
<testsuite hostname="DESKTOP-JJM7M3D" failures="0" tests="1" name="Com.testing.Expected_exception" time="0.056" errors="0" timestamp="2022-06-24T21:03:59 IST" skipped="0">
  <testcase classname="Com.testing.Expected_exception" name="calculator" time="0.056"/>
  <system-out/>
</testsuite> <!-- Com.testing.Expected_exception -->
