<?xml version="1.0" encoding="UTF-8"?>
<!-- Generated by org.testng.reporters.JUnitReportReporter -->
<testsuite hostname="DESKTOP-JJM7M3D" failures="0" tests="4" name="Com.testing.Groups_concept" time="0.100" errors="0" timestamp="2022-07-08T12:58:58 IST" skipped="0">
  <testcase classname="Com.testing.Groups_concept" name="move" time="0.057"/>
  <system-out/>
  <testcase classname="Com.testing.Groups_concept" name="english" time="0.015"/>
  <system-out/>
  <testcase classname="Com.testing.Groups_concept" name="instagram" time="0.018"/>
  <system-out/>
  <testcase classname="Com.testing.Groups_concept" name="whatsapp" time="0.010"/>
  <system-out/>
</testsuite> <!-- Com.testing.Groups_concept -->
