<?xml version="1.0" encoding="UTF-8"?>
<!-- Generated by org.testng.reporters.JUnitReportReporter -->
<testsuite hostname="DESKTOP-JJM7M3D" failures="0" tests="3" name="Com.testing.Priority_concept" time="0.079" errors="0" timestamp="2022-03-29T21:58:03 IST" skipped="0">
  <testcase classname="Com.testing.Priority_concept" name="username" time="0.050"/>
  <system-out/>
  <testcase classname="Com.testing.Priority_concept" name="password" time="0.012"/>
  <system-out/>
  <testcase classname="Com.testing.Priority_concept" name="login" time="0.017"/>
  <system-out/>
</testsuite> <!-- Com.testing.Priority_concept -->
