<?xml version="1.0" encoding="UTF-8"?>
<!-- Generated by org.testng.reporters.JUnitReportReporter -->
<testsuite hostname="DESKTOP-JJM7M3D" failures="0" tests="1" name="Com.testing.Timeout_concept" time="6.106" errors="0" timestamp="2022-03-30T10:13:56 IST" skipped="0">
  <testcase classname="Com.testing.Timeout_concept" name="browser_execution" time="6.106"/>
  <system-out/>
</testsuite> <!-- Com.testing.Timeout_concept -->
